17:50:57.032 [main] DEBUG com.intuit.karate.Suite - [config] classpath:karate-config.js
17:50:58.701 [main] INFO  com.intuit.karate - karate.env system property was: null 
17:50:59.268 [main] DEBUG com.intuit.karate - request:
1 > POST https://petstore.swagger.io/v2/pet
1 > Content-Type: application/json; charset=UTF-8
1 > Content-Length: 139
1 > Host: petstore.swagger.io
1 > Connection: Keep-Alive
1 > User-Agent: Apache-HttpClient/4.5.14 (Java/24)
1 > Accept-Encoding: gzip,deflate
{"id":5001,"category":{"id":0,"name":"cat"},"name":"Pelusa","photoUrls":["string"],"tags":[{"id":0,"name":"mascota"}],"status":"available"}

17:51:00.567 [main] DEBUG com.intuit.karate - response time in milliseconds: 1292
1 < 200
1 < Date: Mon, 05 May 2025 21:51:00 GMT
1 < Content-Type: application/json
1 < Transfer-Encoding: chunked
1 < Connection: keep-alive
1 < Access-Control-Allow-Origin: *
1 < Access-Control-Allow-Methods: GET, POST, DELETE, PUT
1 < Access-Control-Allow-Headers: Content-Type, api_key, Authorization
1 < Server: Jetty(9.2.9.v20150224)
{"id":5001,"category":{"id":0,"name":"cat"},"name":"Pelusa","photoUrls":["string"],"tags":[{"id":0,"name":"mascota"}],"status":"available"}

17:51:00.623 [main] DEBUG c.intuit.karate.core.ScenarioEngine - over-writing existing variable 'petId' with new value: 5001
17:51:00.648 [main] DEBUG com.intuit.karate - request:
1 > GET https://petstore.swagger.io/v2/pet/5001
1 > Host: petstore.swagger.io
1 > Connection: Keep-Alive
1 > User-Agent: Apache-HttpClient/4.5.14 (Java/24)
1 > Accept-Encoding: gzip,deflate


17:51:01.284 [main] DEBUG com.intuit.karate - response time in milliseconds: 635
1 < 200
1 < Date: Mon, 05 May 2025 21:51:00 GMT
1 < Content-Type: application/json
1 < Transfer-Encoding: chunked
1 < Connection: keep-alive
1 < Access-Control-Allow-Origin: *
1 < Access-Control-Allow-Methods: GET, POST, DELETE, PUT
1 < Access-Control-Allow-Headers: Content-Type, api_key, Authorization
1 < Server: Jetty(9.2.9.v20150224)
{"id":5001,"category":{"id":0,"name":"Cat"},"name":"Pelusa","photoUrls":["string"],"tags":[{"id":0,"name":"mascota"}],"status":"available"}

17:51:01.303 [main] DEBUG com.intuit.karate - request:
1 > PUT https://petstore.swagger.io/v2/pet
1 > Content-Type: application/json; charset=UTF-8
1 > Content-Length: 139
1 > Host: petstore.swagger.io
1 > Connection: Keep-Alive
1 > User-Agent: Apache-HttpClient/4.5.14 (Java/24)
1 > Accept-Encoding: gzip,deflate
{"id":5001,"category":{"id":0,"name":"cat"},"name":"Pelusa","photoUrls":["string"],"tags":[{"id":0,"name":"mascota"}],"status":"available"}

17:51:02.001 [main] DEBUG com.intuit.karate - response time in milliseconds: 697
1 < 200
1 < Date: Mon, 05 May 2025 21:51:01 GMT
1 < Content-Type: application/json
1 < Transfer-Encoding: chunked
1 < Connection: keep-alive
1 < Access-Control-Allow-Origin: *
1 < Access-Control-Allow-Methods: GET, POST, DELETE, PUT
1 < Access-Control-Allow-Headers: Content-Type, api_key, Authorization
1 < Server: Jetty(9.2.9.v20150224)
{"id":5001,"category":{"id":0,"name":"cat"},"name":"Pelusa","photoUrls":["string"],"tags":[{"id":0,"name":"mascota"}],"status":"available"}

17:51:02.014 [main] DEBUG c.intuit.karate.core.ScenarioEngine - over-writing existing variable 'petId' with new value: 5001
17:51:02.017 [main] DEBUG com.intuit.karate - request:
1 > DELETE https://petstore.swagger.io/v2/pet/5001
1 > Host: petstore.swagger.io
1 > Connection: Keep-Alive
1 > User-Agent: Apache-HttpClient/4.5.14 (Java/24)
1 > Accept-Encoding: gzip,deflate


17:51:02.695 [main] DEBUG com.intuit.karate - response time in milliseconds: 677
1 < 200
1 < Date: Mon, 05 May 2025 21:51:02 GMT
1 < Content-Type: application/json
1 < Transfer-Encoding: chunked
1 < Connection: keep-alive
1 < Access-Control-Allow-Origin: *
1 < Access-Control-Allow-Methods: GET, POST, DELETE, PUT
1 < Access-Control-Allow-Headers: Content-Type, api_key, Authorization
1 < Server: Jetty(9.2.9.v20150224)
{"code":200,"type":"unknown","message":"5001"}

